<?xml version="1.0" encoding="UTF-8"?>
<!-- Generated by org.testng.reporters.JUnitReportReporter -->
<testsuite hostname="Nico.local" name="tests.TestLandingIcons" tests="1" failures="0" timestamp="4 Sep 2017 18:39:33 GMT" time="22.702" errors="0">
  <testcase name="inputDOB" time="22.702" classname="tests.TestLandingIcons"/>
</testsuite> <!-- tests.TestLandingIcons -->
