<?xml version="1.0" encoding="UTF-8"?>
<!-- Generated by org.testng.reporters.JUnitReportReporter -->
<testsuite hostname="Nico.local" name="tests.TestLandingFooter" tests="1" failures="0" timestamp="5 Sep 2017 12:36:39 GMT" time="13.920" errors="0">
  <testcase name="inputDOB" time="13.920" classname="tests.TestLandingFooter"/>
</testsuite> <!-- tests.TestLandingFooter -->
